<?xml version="1.0" encoding="UTF-8"?>
<beans xmlns="http://www.springframework.org/schema/beans"
	xmlns:xsi="http://www.w3.org/2001/XMLSchema-instance"
	xsi:schemaLocation="http://www.springframework.org/schema/beans
       http://www.springframework.org/schema/beans/spring-beans.xsd">
	<!--
		**************** Context XML Imports ****************************
	-->
	 
	<import resource="business-services.xml" />
	<import resource="dao-config.xml" />
		<bean id="dataSource"
	class="org.apache.commons.dbcp.BasicDataSource"
	destroy-method="close">
	<property name="driverClassName">
		<value>oracle.jdbc.driver.OracleDriver</value>
	</property>
	<property name="url">
		<value>jdbc:oracle:thin:@30.135.39.38:1521:PRMD</value>
	</property>
	<property name="poolPreparedStatements">
           <value>true</value>
       </property>
	<property name="initialSize">
           <value>1</value>
       </property>
	 <property name="maxActive">
           <value>5</value>
       </property>
	<property name="maxIdle">
           <value>2</value>
       </property>
	<property name="username">
		<value>product_dev</value>
	</property>
	<property name="password">
		<value>product_dev</value>
	</property>
</bean>
</beans>